<?xml version="1.0" encoding="utf-8"?><testsuites name="pytest tests"><testsuite name="pytest" errors="0" failures="0" skipped="0" tests="4" time="3.061" timestamp="2026-07-21T20:44:03.495082+00:00" hostname="agent-env-3b5c67e2-89eb-42aa-98aa-06d1d443c763"><testcase classname="tests.backend_test" name="test_root" time="0.631" /><testcase classname="tests.backend_test" name="test_contact_post_and_persistence" time="0.411" /><testcase classname="tests.backend_test" name="test_contact_minimal_optional_fields" time="0.160" /><testcase classname="tests.backend_test" name="test_contact_missing_required_returns_422" time="0.132" /></testsuite></testsuites>